{
  "RSpec": {
    "coverage": {
      "/Volumes/Vipul/Work/Other/camera_store/config/environment.rb": {
        "lines": [
          null,
          1,
          null,
          null,
          1
        ]
      },
      "/Volumes/Vipul/Work/Other/camera_store/config/application.rb": {
        "lines": [
          1,
          null,
          1,
          null,
          null,
          null,
          1,
          null,
          1,
          1,
          null,
          1,
          null,
          null,
          null,
          null,
          null,
          null,
          null
        ]
      },
      "/Volumes/Vipul/Work/Other/camera_store/config/boot.rb": {
        "lines": [
          1,
          null,
          1,
          1
        ]
      },
      "/Volumes/Vipul/Work/Other/camera_store/config/environments/test.rb": {
        "lines": [
          null,
          null,
          null,
          null,
          null,
          1,
          null,
          null,
          1,
          1,
          null,
          null,
          null,
          null,
          1,
          null,
          null,
          1,
          1,
          null,
          null,
          null,
          null,
          1,
          1,
          1,
          null,
          null,
          1,
          null,
          null,
          1,
          null,
          null,
          1,
          null,
          1,
          null,
          null,
          null,
          null,
          1,
          null,
          null,
          1,
          null,
          null,
          null,
          null
        ]
      },
      "/Volumes/Vipul/Work/Other/camera_store/config/initializers/application_controller_renderer.rb": {
        "lines": [
          null,
          null,
          null,
          null,
          null,
          null,
          null,
          null
        ]
      },
      "/Volumes/Vipul/Work/Other/camera_store/config/initializers/assets.rb": {
        "lines": [
          null,
          null,
          null,
          1,
          null,
          null,
          null,
          null,
          1,
          null,
          null,
          null,
          null,
          null
        ]
      },
      "/Volumes/Vipul/Work/Other/camera_store/config/initializers/backtrace_silencers.rb": {
        "lines": [
          null,
          null,
          null,
          null,
          null,
          null,
          null
        ]
      },
      "/Volumes/Vipul/Work/Other/camera_store/config/initializers/content_security_policy.rb": {
        "lines": [
          null,
          null,
          null,
          null,
          null,
          null,
          null,
          null,
          null,
          null,
          null,
          null,
          null,
          null,
          null,
          null,
          null,
          null,
          null,
          null,
          null,
          null,
          null,
          null,
          null,
          null,
          null,
          null,
          null,
          null
        ]
      },
      "/Volumes/Vipul/Work/Other/camera_store/config/initializers/cookies_serializer.rb": {
        "lines": [
          null,
          null,
          null,
          null,
          1
        ]
      },
      "/Volumes/Vipul/Work/Other/camera_store/config/initializers/devise.rb": {
        "lines": [
          null,
          null,
          null,
          null,
          null,
          null,
          null,
          null,
          null,
          null,
          1,
          null,
          null,
          null,
          null,
          null,
          null,
          null,
          null,
          null,
          null,
          null,
          null,
          null,
          null,
          null,
          1,
          null,
          null,
          null,
          null,
          null,
          null,
          null,
          null,
          null,
          null,
          null,
          1,
          null,
          null,
          null,
          null,
          null,
          null,
          null,
          null,
          null,
          null,
          null,
          null,
          null,
          null,
          null,
          null,
          null,
          null,
          null,
          null,
          null,
          1,
          null,
          null,
          null,
          null,
          1,
          null,
          null,
          null,
          null,
          null,
          null,
          null,
          null,
          null,
          null,
          null,
          null,
          null,
          null,
          null,
          null,
          null,
          null,
          null,
          null,
          null,
          null,
          null,
          null,
          null,
          null,
          null,
          null,
          null,
          null,
          null,
          null,
          null,
          1,
          null,
          null,
          null,
          null,
          null,
          null,
          null,
          null,
          null,
          null,
          null,
          null,
          null,
          null,
          null,
          null,
          null,
          null,
          null,
          null,
          null,
          null,
          null,
          null,
          null,
          1,
          null,
          null,
          null,
          null,
          null,
          null,
          null,
          null,
          null,
          null,
          null,
          null,
          null,
          null,
          null,
          null,
          null,
          null,
          null,
          null,
          null,
          null,
          null,
          null,
          null,
          null,
          null,
          null,
          null,
          null,
          null,
          null,
          null,
          1,
          null,
          null,
          null,
          null,
          null,
          null,
          null,
          null,
          null,
          1,
          null,
          null,
          null,
          null,
          null,
          null,
          null,
          null,
          null,
          null,
          1,
          null,
          null,
          null,
          null,
          1,
          null,
          null,
          null,
          null,
          null,
          null,
          null,
          null,
          null,
          null,
          null,
          null,
          null,
          null,
          null,
          null,
          null,
          null,
          null,
          null,
          null,
          null,
          null,
          null,
          null,
          null,
          null,
          null,
          null,
          null,
          null,
          null,
          null,
          null,
          null,
          null,
          null,
          null,
          null,
          null,
          1,
          null,
          null,
          null,
          null,
          null,
          null,
          null,
          null,
          null,
          null,
          null,
          null,
          null,
          null,
          null,
          null,
          null,
          null,
          null,
          null,
          null,
          null,
          null,
          null,
          null,
          null,
          null,
          null,
          null,
          null,
          null,
          null,
          null,
          null,
          null,
          null,
          null,
          null,
          null,
          null,
          null,
          1,
          null,
          null,
          null,
          null,
          null,
          null,
          null,
          null,
          null,
          null,
          null,
          null,
          null,
          null,
          null,
          null,
          null,
          null,
          null,
          null,
          null,
          null,
          null,
          null,
          null,
          null,
          null,
          null,
          null,
          null,
          null,
          null,
          null,
          null,
          null,
          null,
          null,
          null,
          null,
          null,
          null,
          null
        ]
      },
      "/Volumes/Vipul/Work/Other/camera_store/config/initializers/filter_parameter_logging.rb": {
        "lines": [
          null,
          null,
          null,
          1
        ]
      },
      "/Volumes/Vipul/Work/Other/camera_store/config/initializers/inflections.rb": {
        "lines": [
          null,
          null,
          null,
          null,
          null,
          null,
          null,
          null,
          null,
          null,
          null,
          null,
          null,
          null,
          null,
          null
        ]
      },
      "/Volumes/Vipul/Work/Other/camera_store/config/initializers/mime_types.rb": {
        "lines": [
          null,
          null,
          null,
          null
        ]
      },
      "/Volumes/Vipul/Work/Other/camera_store/config/initializers/wrap_parameters.rb": {
        "lines": [
          null,
          null,
          null,
          null,
          null,
          null,
          1,
          2,
          null,
          null,
          null,
          null,
          null,
          null
        ]
      },
      "/Volumes/Vipul/Work/Other/camera_store/spec/factories/auth_tokens.rb": {
        "lines": [
          1,
          1,
          7,
          null,
          null
        ]
      },
      "/Volumes/Vipul/Work/Other/camera_store/spec/factories/master_types.rb": {
        "lines": [
          1,
          1,
          1,
          null,
          null
        ]
      },
      "/Volumes/Vipul/Work/Other/camera_store/spec/factories/users.rb": {
        "lines": [
          1,
          1,
          1,
          1,
          null,
          null
        ]
      },
      "/Volumes/Vipul/Work/Other/camera_store/config/routes.rb": {
        "lines": [
          1,
          1,
          1,
          1,
          null,
          1,
          1,
          1,
          1,
          1,
          1,
          1,
          1,
          1,
          null,
          null,
          null,
          null
        ]
      },
      "/Volumes/Vipul/Work/Other/camera_store/app/models/user.rb": {
        "lines": [
          1,
          null,
          null,
          1,
          null,
          null,
          null,
          1,
          1,
          1,
          null,
          1,
          null,
          1,
          1,
          null,
          null
        ]
      },
      "/Volumes/Vipul/Work/Other/camera_store/app/models/application_record.rb": {
        "lines": [
          1,
          1,
          null
        ]
      },
      "/Volumes/Vipul/Work/Other/camera_store/app/helpers/application_helper.rb": {
        "lines": [
          1,
          null
        ]
      },
      "/Volumes/Vipul/Work/Other/camera_store/app/helpers/products_helper.rb": {
        "lines": [
          1,
          null
        ]
      },
      "/Volumes/Vipul/Work/Other/camera_store/spec/support/spec_helper.rb": {
        "lines": [
          1,
          1,
          4,
          4,
          4,
          4,
          null,
          null,
          1,
          2,
          2,
          2,
          2,
          null,
          null,
          1,
          null,
          1,
          null,
          null,
          null,
          null
        ]
      },
      "/Volumes/Vipul/Work/Other/camera_store/app/controllers/api/v1/products_controller.rb": {
        "lines": [
          1,
          1,
          1,
          null,
          null,
          1,
          null,
          1,
          1,
          1,
          null,
          null,
          null,
          0,
          null,
          null,
          0,
          null,
          null,
          null,
          null,
          1,
          null,
          0,
          0,
          0,
          0,
          0,
          0,
          0,
          0,
          0,
          null,
          0,
          null,
          null,
          0,
          null,
          null,
          0,
          null,
          null,
          0,
          null,
          null,
          null,
          1,
          null,
          null,
          null
        ]
      },
      "/Volumes/Vipul/Work/Other/camera_store/app/controllers/api/v1/api_controller.rb": {
        "lines": [
          null,
          null,
          1,
          1,
          1,
          1,
          null,
          1,
          null,
          null,
          1,
          null,
          0,
          null,
          0,
          null,
          null,
          null,
          null,
          1,
          1,
          1,
          null,
          null,
          1,
          null,
          1,
          7,
          7,
          4,
          null,
          7,
          null,
          null
        ]
      },
      "/Volumes/Vipul/Work/Other/camera_store/app/controllers/concerns/application_methods.rb": {
        "lines": [
          1,
          1,
          null,
          1,
          1,
          1,
          null,
          null,
          1,
          null,
          null,
          1,
          null,
          11,
          null,
          0,
          null,
          0,
          null,
          0,
          null,
          0,
          null,
          11,
          11,
          11,
          null,
          null,
          1,
          0,
          null,
          null,
          null,
          null,
          null,
          null,
          1,
          0,
          null,
          null,
          null,
          null,
          null,
          1,
          3,
          null,
          null,
          null,
          null,
          null,
          null,
          null,
          1,
          4,
          null,
          null,
          null,
          null,
          1,
          11,
          null,
          null,
          1,
          4,
          null,
          null,
          null,
          null,
          null,
          1,
          1,
          null,
          null,
          1,
          1,
          null,
          null
        ]
      },
      "/Volumes/Vipul/Work/Other/camera_store/spec/controllers/registrations_controller_spec.rb": {
        "lines": [
          1,
          null,
          1,
          1,
          1,
          1,
          1,
          1,
          1,
          null,
          null,
          null,
          1,
          1,
          1,
          1,
          null,
          null,
          null,
          null
        ]
      },
      "/Volumes/Vipul/Work/Other/camera_store/app/controllers/api/v1/registrations_controller.rb": {
        "lines": [
          1,
          1,
          1,
          1,
          1,
          null,
          null,
          1,
          null,
          2,
          2,
          1,
          0,
          0,
          0,
          0,
          0,
          null,
          null,
          null,
          0,
          null,
          null,
          1,
          null,
          null,
          1,
          null,
          null,
          null,
          0,
          null,
          null,
          null,
          1,
          null,
          null,
          1,
          0,
          null,
          null,
          1,
          0,
          null,
          null,
          null,
          null
        ]
      },
      "/Volumes/Vipul/Work/Other/camera_store/app/controllers/concerns/auth_token_concern.rb": {
        "lines": [
          1,
          1,
          null,
          1,
          1,
          null,
          null
        ]
      },
      "/Volumes/Vipul/Work/Other/camera_store/spec/controllers/sessions_controller_spec.rb": {
        "lines": [
          null,
          null,
          1,
          null,
          1,
          null,
          1,
          1,
          1,
          1,
          1,
          1,
          1,
          null,
          null,
          null,
          1,
          1,
          1,
          1,
          1,
          1,
          1,
          1,
          null,
          null,
          null,
          1,
          1,
          1,
          1,
          1,
          1,
          1,
          null,
          null,
          null,
          null,
          1,
          1,
          1,
          1,
          1,
          1,
          1,
          null,
          null,
          null,
          1,
          1,
          1,
          1,
          1,
          1,
          1,
          null,
          null,
          null,
          null
        ]
      },
      "/Volumes/Vipul/Work/Other/camera_store/app/controllers/api/v1/sessions_controller.rb": {
        "lines": [
          1,
          1,
          1,
          1,
          1,
          1,
          1,
          null,
          null,
          null,
          1,
          2,
          0,
          null,
          null,
          null,
          2,
          null,
          null,
          null,
          null,
          1,
          1,
          1,
          1,
          null,
          0,
          null,
          null,
          null,
          1,
          null,
          null,
          1,
          0,
          null,
          null,
          1,
          null,
          2,
          2,
          2,
          null,
          2,
          1,
          1,
          1,
          0,
          null,
          null,
          null,
          null,
          0,
          null,
          null,
          null,
          1,
          8,
          null,
          null,
          null,
          null
        ]
      },
      "/Volumes/Vipul/Work/Other/camera_store/spec/controllers/users_controller_spec.rb": {
        "lines": [
          1,
          null,
          1,
          1,
          1,
          1,
          1,
          1,
          null,
          null,
          null,
          1,
          1,
          1,
          1,
          1,
          1,
          null,
          null,
          null,
          null,
          null
        ]
      },
      "/Volumes/Vipul/Work/Other/camera_store/app/controllers/api/v1/users_controller.rb": {
        "lines": [
          1,
          1,
          1,
          null,
          1,
          null,
          1,
          1,
          1,
          null,
          null,
          null,
          0,
          null,
          null,
          0,
          null,
          null,
          null,
          1,
          null,
          null,
          null
        ]
      },
      "/Volumes/Vipul/Work/Other/camera_store/app/controllers/concerns/json_response.rb": {
        "lines": [
          1,
          1,
          null,
          1,
          11,
          11,
          11,
          11,
          11,
          null,
          null,
          1,
          null,
          11,
          null,
          null,
          null,
          null,
          null,
          null,
          null
        ]
      },
      "/Volumes/Vipul/Work/Other/camera_store/app/models/auth_token.rb": {
        "lines": [
          1,
          1,
          1,
          1,
          1,
          1,
          null,
          1,
          11,
          null,
          null
        ]
      },
      "/Volumes/Vipul/Work/Other/camera_store/app/models/product.rb": {
        "lines": [
          1,
          null,
          1,
          1,
          null
        ]
      },
      "/Volumes/Vipul/Work/Other/camera_store/app/serializers/api/v1/product_serializer.rb": {
        "lines": [
          1,
          1,
          1,
          1,
          null,
          null,
          null
        ]
      },
      "/Volumes/Vipul/Work/Other/camera_store/app/serializers/api/v1/app_serializer.rb": {
        "lines": [
          1,
          1,
          1,
          null,
          null,
          null,
          null,
          null,
          null,
          null,
          null,
          null,
          null,
          null,
          null,
          1,
          1,
          7,
          1,
          null,
          null,
          null,
          null,
          null
        ]
      },
      "/Volumes/Vipul/Work/Other/camera_store/app/services/user_service/api/auth_tokens.rb": {
        "lines": [
          1,
          1,
          null,
          1,
          1,
          0,
          0,
          null,
          null,
          null
        ]
      },
      "/Volumes/Vipul/Work/Other/camera_store/app/models/cart.rb": {
        "lines": [
          1,
          null,
          1,
          1,
          null
        ]
      },
      "/Volumes/Vipul/Work/Other/camera_store/app/serializers/api/v1/users_serializer.rb": {
        "lines": [
          1,
          1,
          1,
          1,
          null,
          1,
          null,
          null,
          null
        ]
      }
    },
    "timestamp": 1592841699
  }
}
